<?xml version="1.0" encoding="UTF-8"?>
<!-- Generated by org.testng.reporters.JUnitReportReporter -->
<testsuite name="com.learnautomation.testcases.LoginTestCRM" tests="1" time="23.795" ignored="0" failures="0" timestamp="23 Mar 2021 05:13:00 GMT" skipped="0" hostname="LAPTOP-TO7D3M54" errors="0">
  <testcase name="loginApp" time="23.795" classname="com.learnautomation.testcases.LoginTestCRM"/>
</testsuite> <!-- com.learnautomation.testcases.LoginTestCRM -->
